c:\users\munseohee\desktop\백준 알고리즘\algorithm\algorithm\debug\vc141.pdb
c:\users\munseohee\desktop\백준 알고리즘\algorithm\algorithm\debug\vc141.idb
c:\users\munseohee\desktop\백준 알고리즘\algorithm\algorithm\debug\10817.obj
c:\users\munseohee\desktop\백준 알고리즘\algorithm\algorithm\debug\2884.obj
c:\users\munseohee\desktop\백준 알고리즘\algorithm\algorithm\debug\2562.obj
c:\users\munseohee\desktop\백준 알고리즘\algorithm\algorithm\debug\sample.obj
c:\users\munseohee\desktop\백준 알고리즘\algorithm\algorithm\debug\2750.obj
c:\users\munseohee\desktop\백준 알고리즘\algorithm\algorithm\debug\2751.obj
c:\users\munseohee\desktop\백준 알고리즘\algorithm\algorithm\debug\1920.obj
c:\users\munseohee\desktop\백준 알고리즘\algorithm\algorithm\debug\10798.obj
c:\users\munseohee\desktop\백준 알고리즘\algorithm\algorithm\debug\2110.obj
c:\users\munseohee\desktop\백준 알고리즘\algorithm\algorithm\debug\2908.obj
c:\users\munseohee\desktop\백준 알고리즘\algorithm\algorithm\debug\8958.obj
c:\users\munseohee\desktop\백준 알고리즘\algorithm\algorithm\debug\1431.obj
c:\users\munseohee\desktop\백준 알고리즘\algorithm\algorithm\debug\2624.obj
c:\users\munseohee\desktop\백준 알고리즘\algorithm\algorithm\debug\11723.obj
c:\users\munseohee\desktop\백준 알고리즘\algorithm\algorithm\debug\10757.obj
c:\users\munseohee\desktop\백준 알고리즘\algorithm\algorithm\debug\소스.obj
c:\users\munseohee\desktop\백준 알고리즘\algorithm\algorithm\debug\1181.obj
c:\users\munseohee\desktop\백준 알고리즘\algorithm\algorithm\debug\1110.obj
c:\users\munseohee\desktop\백준 알고리즘\algorithm\algorithm\debug\5598.obj
c:\users\munseohee\desktop\백준 알고리즘\algorithm\algorithm\debug\1712.obj
c:\users\munseohee\desktop\백준 알고리즘\algorithm\algorithm\debug\11721.obj
c:\users\munseohee\desktop\백준 알고리즘\algorithm\algorithm\debug\14645.obj
c:\users\munseohee\desktop\백준 알고리즘\algorithm\algorithm\debug\1546.obj
c:\users\munseohee\desktop\백준 알고리즘\algorithm\algorithm\debug\1924.obj
c:\users\munseohee\desktop\백준 알고리즘\algorithm\algorithm\debug\2420.obj
c:\users\munseohee\desktop\백준 알고리즘\algorithm\algorithm\debug\2438.obj
c:\users\munseohee\desktop\백준 알고리즘\algorithm\algorithm\debug\2439.obj
c:\users\munseohee\desktop\백준 알고리즘\algorithm\algorithm\debug\2440.obj
c:\users\munseohee\desktop\백준 알고리즘\algorithm\algorithm\debug\2441.obj
c:\users\munseohee\desktop\백준 알고리즘\algorithm\algorithm\debug\2475.obj
c:\users\munseohee\desktop\백준 알고리즘\algorithm\algorithm\debug\2588.obj
c:\users\munseohee\desktop\백준 알고리즘\algorithm\algorithm\debug\5543.obj
c:\users\munseohee\desktop\백준 알고리즘\algorithm\algorithm\debug\9498.obj
c:\users\munseohee\desktop\백준 알고리즘\algorithm\algorithm\debug\10039.obj
c:\users\munseohee\desktop\백준 알고리즘\algorithm\algorithm\debug\2902.obj
c:\users\munseohee\desktop\백준 알고리즘\algorithm\algorithm\debug\11720.obj
c:\users\munseohee\desktop\백준 알고리즘\algorithm\algorithm\debug\5618.obj
c:\users\munseohee\desktop\백준 알고리즘\algorithm\algorithm\debug\1158.obj
c:\users\munseohee\desktop\백준 알고리즘\algorithm\algorithm\debug\10773.obj
c:\users\munseohee\desktop\백준 알고리즘\algorithm\algorithm\debug\10828.obj
c:\users\munseohee\desktop\백준 알고리즘\algorithm\algorithm\debug\4949.obj
c:\users\munseohee\desktop\백준 알고리즘\algorithm\algorithm\debug\1874.obj
c:\users\munseohee\desktop\백준 알고리즘\algorithm\algorithm\debug\10871.obj
c:\users\munseohee\desktop\백준 알고리즘\algorithm\algorithm\debug\2742.obj
c:\users\munseohee\desktop\백준 알고리즘\algorithm\algorithm\debug\8393.obj
c:\users\munseohee\desktop\백준 알고리즘\algorithm\algorithm\debug\11654.obj
c:\users\munseohee\desktop\백준 알고리즘\algorithm\algorithm\debug\3009.obj
c:\users\munseohee\desktop\백준 알고리즘\algorithm\algorithm\debug\2753.obj
c:\users\munseohee\desktop\백준 알고리즘\algorithm\algorithm\debug\5597.obj
c:\users\munseohee\desktop\백준 알고리즘\algorithm\algorithm\debug\2609.obj
c:\users\munseohee\desktop\백준 알고리즘\algorithm\algorithm\debug\2476.obj
c:\users\munseohee\desktop\백준 알고리즘\algorithm\algorithm\debug\10822.obj
c:\users\munseohee\desktop\백준 알고리즘\algorithm\algorithm\debug\1003.obj
c:\users\munseohee\desktop\백준 알고리즘\algorithm\algorithm\debug\1100.obj
c:\users\munseohee\desktop\백준 알고리즘\algorithm\algorithm\debug\10809.obj
c:\users\munseohee\desktop\백준 알고리즘\algorithm\algorithm\debug\10818.obj
c:\users\munseohee\desktop\백준 알고리즘\algorithm\algorithm\debug\1016.obj
c:\users\munseohee\desktop\백준 알고리즘\algorithm\algorithm\debug\1644.obj
c:\users\munseohee\desktop\백준 알고리즘\algorithm\algorithm\debug\3896.obj
c:\users\munseohee\desktop\백준 알고리즘\algorithm\algorithm\debug\2960.obj
c:\users\munseohee\desktop\백준 알고리즘\algorithm\algorithm\debug\1978.obj
c:\users\munseohee\desktop\백준 알고리즘\algorithm\algorithm\debug\1816.obj
c:\users\munseohee\desktop\백준 알고리즘\algorithm\algorithm\debug\1026.obj
c:\users\munseohee\desktop\백준 알고리즘\algorithm\algorithm\debug\1157.obj
c:\users\munseohee\desktop\백준 알고리즘\algorithm\algorithm\debug\1676.obj
c:\users\munseohee\desktop\백준 알고리즘\algorithm\algorithm\debug\1406.obj
c:\users\munseohee\desktop\백준 알고리즘\algorithm\algorithm\debug\4344.obj
c:\users\munseohee\desktop\백준 알고리즘\algorithm\algorithm\debug\10799.obj
c:\users\munseohee\desktop\백준 알고리즘\algorithm\algorithm\debug\4101.obj
c:\users\munseohee\desktop\백준 알고리즘\algorithm\algorithm\debug\1330.obj
c:\users\munseohee\desktop\백준 알고리즘\algorithm\algorithm\debug\2675.obj
c:\users\munseohee\desktop\백준 알고리즘\algorithm\algorithm\debug\3052.obj
c:\users\munseohee\desktop\백준 알고리즘\algorithm\algorithm\debug\10845.obj
c:\users\munseohee\desktop\백준 알고리즘\algorithm\algorithm\debug\18111cpp.obj
c:\users\munseohee\desktop\백준 알고리즘\algorithm\algorithm\debug\10866.obj
c:\users\munseohee\desktop\백준 알고리즘\algorithm\algorithm\debug\4153.obj
c:\users\munseohee\desktop\백준 알고리즘\algorithm\algorithm\debug\10250.obj
c:\users\munseohee\desktop\백준 알고리즘\algorithm\algorithm\debug\2231.obj
c:\users\munseohee\desktop\백준 알고리즘\algorithm\algorithm\debug\2292.obj
c:\users\munseohee\desktop\백준 알고리즘\algorithm\algorithm\debug\2775.obj
c:\users\munseohee\desktop\백준 알고리즘\algorithm\algorithm\debug\2869.obj
c:\users\munseohee\desktop\백준 알고리즘\algorithm\algorithm\debug\10171.obj
c:\users\munseohee\desktop\백준 알고리즘\algorithm\algorithm\debug\10950.obj
c:\users\munseohee\desktop\백준 알고리즘\algorithm\algorithm\debug\10952.obj
c:\users\munseohee\desktop\백준 알고리즘\algorithm\algorithm\debug\1018.obj
c:\users\munseohee\desktop\백준 알고리즘\algorithm\algorithm\debug\1259.obj
c:\users\munseohee\desktop\백준 알고리즘\algorithm\algorithm\debug\1436.obj
c:\users\munseohee\desktop\백준 알고리즘\algorithm\algorithm\debug\6_2 보글보글.obj
c:\users\munseohee\desktop\백준 알고리즘\algorithm\algorithm\debug\6_3 소풍.obj
c:\users\munseohee\desktop\백준 알고리즘\algorithm\algorithm\debug\6_5 게임판 덮기.obj
c:\users\munseohee\desktop\백준 알고리즘\algorithm\algorithm\debug\11866.obj
c:\users\munseohee\desktop\백준 알고리즘\algorithm\algorithm\debug\2798.obj
c:\users\munseohee\desktop\백준 알고리즘\algorithm\algorithm\debug\11050.obj
c:\users\munseohee\desktop\백준 알고리즘\algorithm\algorithm\debug\15829.obj
c:\users\munseohee\desktop\백준 알고리즘\algorithm\algorithm\debug\7568.obj
c:\users\munseohee\desktop\백준 알고리즘\algorithm\algorithm\debug\1074.obj
c:\users\munseohee\desktop\백준 알고리즘\algorithm\algorithm\debug\4811.obj
c:\users\munseohee\desktop\백준 알고리즘\algorithm\algorithm\debug\2961.obj
c:\users\munseohee\desktop\백준 알고리즘\algorithm\algorithm\debug\1914.obj
c:\users\munseohee\desktop\백준 알고리즘\algorithm\algorithm\debug\9421.obj
c:\users\munseohee\desktop\백준 알고리즘\algorithm\algorithm\debug\11399.obj
c:\users\munseohee\desktop\백준 알고리즘\algorithm\algorithm\debug\16637.obj
c:\users\munseohee\desktop\백준 알고리즘\algorithm\debug\algorithm.exe
c:\users\munseohee\desktop\백준 알고리즘\algorithm\debug\algorithm.ilk
c:\users\munseohee\desktop\백준 알고리즘\algorithm\debug\algorithm.pdb
c:\users\munseohee\desktop\백준 알고리즘\algorithm\algorithm\debug\1463.obj
c:\users\munseohee\desktop\백준 알고리즘\algorithm\algorithm\debug\trash.obj
c:\users\munseohee\desktop\백준 알고리즘\algorithm\algorithm\debug\상현10798.obj
c:\users\munseohee\desktop\백준 알고리즘\algorithm\algorithm\debug\상현1152.obj
c:\users\munseohee\desktop\백준 알고리즘\algorithm\algorithm\debug\소d스.obj
c:\users\munseohee\desktop\백준 알고리즘\algorithm\algorithm\debug\소스1.obj
c:\users\munseohee\desktop\백준 알고리즘\algorithm\algorithm\debug\10757.obj.enc
c:\users\munseohee\desktop\백준 알고리즘\algorithm\algorithm\debug\10798.obj.enc
c:\users\munseohee\desktop\백준 알고리즘\algorithm\algorithm\debug\1158.obj.enc
c:\users\munseohee\desktop\백준 알고리즘\algorithm\algorithm\debug\1181.obj.enc
c:\users\munseohee\desktop\백준 알고리즘\algorithm\algorithm\debug\11866.obj.enc
c:\users\munseohee\desktop\백준 알고리즘\algorithm\algorithm\debug\1406.obj.enc
c:\users\munseohee\desktop\백준 알고리즘\algorithm\algorithm\debug\1546.obj.enc
c:\users\munseohee\desktop\백준 알고리즘\algorithm\algorithm\debug\18111cpp.obj.enc
c:\users\munseohee\desktop\백준 알고리즘\algorithm\algorithm\debug\1874.obj.enc
c:\users\munseohee\desktop\백준 알고리즘\algorithm\algorithm\debug\1914.obj.enc
c:\users\munseohee\desktop\백준 알고리즘\algorithm\algorithm\debug\1920.obj.enc
c:\users\munseohee\desktop\백준 알고리즘\algorithm\algorithm\debug\1924.obj.enc
c:\users\munseohee\desktop\백준 알고리즘\algorithm\algorithm\debug\2562.obj.enc
c:\users\munseohee\desktop\백준 알고리즘\algorithm\algorithm\debug\2588.obj.enc
c:\users\munseohee\desktop\백준 알고리즘\algorithm\algorithm\debug\2750.obj.enc
c:\users\munseohee\desktop\백준 알고리즘\algorithm\algorithm\debug\4153.obj.enc
c:\users\munseohee\desktop\백준 알고리즘\algorithm\algorithm\debug\4949.obj.enc
c:\users\munseohee\desktop\백준 알고리즘\algorithm\algorithm\debug\6_2 보글보글.obj.enc
c:\users\munseohee\desktop\백준 알고리즘\algorithm\algorithm\debug\6_5 게임판 덮기.obj.enc
c:\users\munseohee\desktop\백준 알고리즘\algorithm\algorithm\debug\algorithm.tlog\cl.command.1.tlog
c:\users\munseohee\desktop\백준 알고리즘\algorithm\algorithm\debug\algorithm.tlog\cl.read.1.tlog
c:\users\munseohee\desktop\백준 알고리즘\algorithm\algorithm\debug\algorithm.tlog\cl.write.1.tlog
c:\users\munseohee\desktop\백준 알고리즘\algorithm\algorithm\debug\algorithm.tlog\link.command.1.tlog
c:\users\munseohee\desktop\백준 알고리즘\algorithm\algorithm\debug\algorithm.tlog\link.read.1.tlog
c:\users\munseohee\desktop\백준 알고리즘\algorithm\algorithm\debug\algorithm.tlog\link.write.1.tlog
